  [1m[36m (175.7ms)[0m  [1mCREATE TABLE "schema_migrations" ("version" varchar(255) NOT NULL) [0m
  [1m[35m (0.2ms)[0m  select sqlite_version(*)
  [1m[36m (121.5ms)[0m  [1mCREATE UNIQUE INDEX "unique_schema_migrations" ON "schema_migrations" ("version")[0m
  [1m[35mActiveRecord::SchemaMigration Load (0.2ms)[0m  SELECT "schema_migrations".* FROM "schema_migrations"
  [1m[36m (0.1ms)[0m  [1mSELECT version FROM "schema_migrations"[0m
  [1m[35m (172.4ms)[0m  INSERT INTO "schema_migrations" (version) VALUES ('0')
  [1m[36mActiveRecord::SchemaMigration Load (0.2ms)[0m  [1mSELECT "schema_migrations".* FROM "schema_migrations"[0m
  [1m[36m (201.3ms)[0m  [1mCREATE TABLE "schema_migrations" ("version" varchar(255) NOT NULL) [0m
  [1m[35m (0.2ms)[0m  select sqlite_version(*)
  [1m[36m (121.9ms)[0m  [1mCREATE UNIQUE INDEX "unique_schema_migrations" ON "schema_migrations" ("version")[0m
  [1m[35m (0.4ms)[0m  SELECT version FROM "schema_migrations"
  [1m[36m (132.8ms)[0m  [1mINSERT INTO "schema_migrations" (version) VALUES ('0')[0m
  [1m[35mActiveRecord::SchemaMigration Load (0.2ms)[0m  SELECT "schema_migrations".* FROM "schema_migrations"
  [1m[36mActiveRecord::SchemaMigration Load (0.1ms)[0m  [1mSELECT "schema_migrations".* FROM "schema_migrations"[0m
Migrating to CreateUsers (20140701174224)
  [1m[35m (0.1ms)[0m  begin transaction
  [1m[36m (0.4ms)[0m  [1mCREATE TABLE "users" ("id" INTEGER PRIMARY KEY AUTOINCREMENT NOT NULL) [0m
  [1m[35mSQL (0.3ms)[0m  INSERT INTO "schema_migrations" ("version") VALUES (?)  [["version", "20140701174224"]]
  [1m[36m (205.1ms)[0m  [1mcommit transaction[0m
  [1m[35mActiveRecord::SchemaMigration Load (0.2ms)[0m  SELECT "schema_migrations".* FROM "schema_migrations"
  [1m[36mActiveRecord::SchemaMigration Load (0.1ms)[0m  [1mSELECT "schema_migrations".* FROM "schema_migrations"[0m
  [1m[35mActiveRecord::SchemaMigration Load (0.1ms)[0m  SELECT "schema_migrations".* FROM "schema_migrations"
Migrating to CreateUsers (20140701174224)
  [1m[36m (0.1ms)[0m  [1mbegin transaction[0m
  [1m[35m (0.4ms)[0m  DROP TABLE "users"
  [1m[36mSQL (0.2ms)[0m  [1mDELETE FROM "schema_migrations" WHERE "schema_migrations"."version" = '20140701174224'[0m
  [1m[35m (224.5ms)[0m  commit transaction
  [1m[36mActiveRecord::SchemaMigration Load (0.2ms)[0m  [1mSELECT "schema_migrations".* FROM "schema_migrations"[0m
  [1m[36mActiveRecord::SchemaMigration Load (0.1ms)[0m  [1mSELECT "schema_migrations".* FROM "schema_migrations"[0m
Migrating to CreateUsers (20140701174224)
  [1m[36mActiveRecord::SchemaMigration Load (0.1ms)[0m  [1mSELECT "schema_migrations".* FROM "schema_migrations"[0m
Migrating to CreateUsers (20140701174224)
  [1m[35m (0.1ms)[0m  begin transaction
  [1m[36m (0.5ms)[0m  [1mCREATE TABLE "users" ("id" INTEGER PRIMARY KEY AUTOINCREMENT NOT NULL, "first_name" varchar(255), "last_name" varchar(255)) [0m
  [1m[35mSQL (0.3ms)[0m  INSERT INTO "schema_migrations" ("version") VALUES (?)  [["version", "20140701174224"]]
  [1m[36m (215.3ms)[0m  [1mcommit transaction[0m
  [1m[35mActiveRecord::SchemaMigration Load (0.2ms)[0m  SELECT "schema_migrations".* FROM "schema_migrations"
  [1m[36mUser Load (2.0ms)[0m  [1mSELECT "users".* FROM "users"[0m


Started GET "/" for 127.0.0.1 at 2014-07-01 13:53:17 -0400
  [1m[36mActiveRecord::SchemaMigration Load (0.1ms)[0m  [1mSELECT "schema_migrations".* FROM "schema_migrations"[0m
Processing by Rails::WelcomeController#index as HTML
  Rendered /home/jeff/.rvm/gems/ruby-2.0.0-p481@pgss14cc/gems/railties-4.1.2/lib/rails/templates/rails/welcome/index.html.erb (1.1ms)
Completed 200 OK in 20ms (Views: 5.4ms | ActiveRecord: 0.0ms)


Started GET "/" for 127.0.0.1 at 2014-07-01 13:55:26 -0400
  [1m[36mActiveRecord::SchemaMigration Load (0.1ms)[0m  [1mSELECT "schema_migrations".* FROM "schema_migrations"[0m
Processing by UsersController#index as HTML
  Rendered users/index.html.erb within layouts/application (1.0ms)
Completed 200 OK in 288ms (Views: 273.5ms | ActiveRecord: 0.0ms)


Started GET "/assets/jquery.js?body=1" for 127.0.0.1 at 2014-07-01 13:55:27 -0400


Started GET "/assets/application.js?body=1" for 127.0.0.1 at 2014-07-01 13:55:27 -0400


Started GET "/assets/application.css?body=1" for 127.0.0.1 at 2014-07-01 13:55:27 -0400


Started GET "/assets/turbolinks.js?body=1" for 127.0.0.1 at 2014-07-01 13:55:27 -0400


Started GET "/assets/jquery_ujs.js?body=1" for 127.0.0.1 at 2014-07-01 13:55:27 -0400


Started GET "/" for 127.0.0.1 at 2014-07-01 13:55:58 -0400
Processing by UsersController#index as HTML
  Rendered users/index.html.erb within layouts/application (0.5ms)
Completed 200 OK in 6ms (Views: 4.8ms | ActiveRecord: 0.0ms)


Started GET "/assets/application.css?body=1" for 127.0.0.1 at 2014-07-01 13:55:58 -0400


Started GET "/assets/jquery.js?body=1" for 127.0.0.1 at 2014-07-01 13:55:58 -0400


Started GET "/assets/jquery_ujs.js?body=1" for 127.0.0.1 at 2014-07-01 13:55:58 -0400


Started GET "/assets/turbolinks.js?body=1" for 127.0.0.1 at 2014-07-01 13:55:58 -0400


Started GET "/assets/application.js?body=1" for 127.0.0.1 at 2014-07-01 13:55:58 -0400
  [1m[36m (133.9ms)[0m  [1mCREATE TABLE "users" ("id" serial primary key, "first_name" character varying(255), "last_name" character varying(255)) [0m
  [1m[35m (9.7ms)[0m  CREATE TABLE "schema_migrations" ("version" character varying(255) NOT NULL) 
  [1m[36m (64.0ms)[0m  [1mCREATE UNIQUE INDEX  "unique_schema_migrations" ON "schema_migrations"  ("version")[0m
  [1m[35m (0.3ms)[0m  SELECT version FROM "schema_migrations"
  [1m[36m (10.2ms)[0m  [1mINSERT INTO "schema_migrations" (version) VALUES ('20140701174224')[0m
  [1m[35mActiveRecord::SchemaMigration Load (0.3ms)[0m  SELECT "schema_migrations".* FROM "schema_migrations"
  [1m[36mActiveRecord::SchemaMigration Load (0.6ms)[0m  [1mSELECT "schema_migrations".* FROM "schema_migrations"[0m
  [1m[35mActiveRecord::SchemaMigration Load (0.3ms)[0m  SELECT "schema_migrations".* FROM "schema_migrations"


Started GET "/" for 127.0.0.1 at 2014-07-01 13:59:13 -0400
  [1m[36mActiveRecord::SchemaMigration Load (0.4ms)[0m  [1mSELECT "schema_migrations".* FROM "schema_migrations"[0m
Processing by UsersController#index as HTML
  Rendered users/index.html.erb within layouts/application (1.0ms)
Completed 200 OK in 72ms (Views: 55.7ms | ActiveRecord: 0.0ms)


Started GET "/" for 127.0.0.1 at 2014-07-01 13:59:14 -0400
Processing by UsersController#index as HTML
  Rendered users/index.html.erb within layouts/application (0.1ms)
Completed 200 OK in 4ms (Views: 3.1ms | ActiveRecord: 0.0ms)


Started GET "/assets/application.css?body=1" for 127.0.0.1 at 2014-07-01 13:59:14 -0400


Started GET "/assets/jquery.js?body=1" for 127.0.0.1 at 2014-07-01 13:59:14 -0400


Started GET "/assets/jquery_ujs.js?body=1" for 127.0.0.1 at 2014-07-01 13:59:14 -0400


Started GET "/assets/application.js?body=1" for 127.0.0.1 at 2014-07-01 13:59:14 -0400


Started GET "/assets/turbolinks.js?body=1" for 127.0.0.1 at 2014-07-01 13:59:14 -0400
  [1m[36mSQL (1.0ms)[0m  [1mCREATE EXTENSION IF NOT EXISTS "plpgsql"[0m
  [1m[35m (25.2ms)[0m  CREATE TABLE "users" ("id" serial primary key, "first_name" character varying(255), "last_name" character varying(255)) 
  [1m[36m (3.7ms)[0m  [1mCREATE TABLE "schema_migrations" ("version" character varying(255) NOT NULL) [0m
  [1m[35m (3.3ms)[0m  CREATE UNIQUE INDEX  "unique_schema_migrations" ON "schema_migrations"  ("version")
  [1m[36m (0.0ms)[0m  [1mSELECT version FROM "schema_migrations"[0m
  [1m[35m (1.1ms)[0m  INSERT INTO "schema_migrations" (version) VALUES ('20140701174224')
  [1m[36mActiveRecord::SchemaMigration Load (1.0ms)[0m  [1mSELECT "schema_migrations".* FROM "schema_migrations"[0m
  [1m[36mActiveRecord::SchemaMigration Load (0.0ms)[0m  [1mSELECT "schema_migrations".* FROM "schema_migrations"[0m
  [1m[35mActiveRecord::SchemaMigration Load (0.0ms)[0m  SELECT "schema_migrations".* FROM "schema_migrations"
  [1m[36mUser Load (1.0ms)[0m  [1mSELECT "users".* FROM "users"[0m
  [1m[35mUser Load (1.0ms)[0m  SELECT  "users".* FROM "users"   ORDER BY "users"."id" ASC LIMIT 1


Started GET "/" for 127.0.0.1 at 2014-07-01 18:41:51 -0400
  [1m[36mActiveRecord::SchemaMigration Load (1.0ms)[0m  [1mSELECT "schema_migrations".* FROM "schema_migrations"[0m
Processing by UsersController#index as HTML
Completed 500 Internal Server Error in 23ms

NoMethodError (undefined method `last' for nil:NilClass):
  app/controllers/users_controller.rb:6:in `index'


  Rendered c:/ror/Ruby2.0.0/lib/ruby/gems/2.0.0/gems/actionpack-4.1.2/lib/action_dispatch/middleware/templates/rescues/_source.erb (1.0ms)
  Rendered c:/ror/Ruby2.0.0/lib/ruby/gems/2.0.0/gems/actionpack-4.1.2/lib/action_dispatch/middleware/templates/rescues/_trace.html.erb (1.0ms)
  Rendered c:/ror/Ruby2.0.0/lib/ruby/gems/2.0.0/gems/actionpack-4.1.2/lib/action_dispatch/middleware/templates/rescues/_request_and_response.html.erb (1.0ms)
  Rendered c:/ror/Ruby2.0.0/lib/ruby/gems/2.0.0/gems/actionpack-4.1.2/lib/action_dispatch/middleware/templates/rescues/diagnostics.erb within rescues/layout (34.8ms)


Started GET "/" for 127.0.0.1 at 2014-07-01 18:43:35 -0400
  [1m[36mActiveRecord::SchemaMigration Load (1.0ms)[0m  [1mSELECT "schema_migrations".* FROM "schema_migrations"[0m
Processing by UsersController#index as HTML


Started GET "/" for 127.0.0.1 at 2014-07-01 18:47:41 -0400
  [1m[36mActiveRecord::SchemaMigration Load (1.0ms)[0m  [1mSELECT "schema_migrations".* FROM "schema_migrations"[0m
Processing by UsersController#index as HTML


Started GET "/" for 127.0.0.1 at 2014-07-01 18:56:42 -0400
  [1m[36mActiveRecord::SchemaMigration Load (1.0ms)[0m  [1mSELECT "schema_migrations".* FROM "schema_migrations"[0m
Processing by UsersController#index as HTML
  Rendered users/index.html.erb within layouts/application (3.0ms)
Completed 200 OK in 4950ms (Views: 964.4ms | ActiveRecord: 0.0ms)


Started GET "/assets/application.css?body=1" for 127.0.0.1 at 2014-07-01 18:56:47 -0400


Started GET "/assets/jquery.js?body=1" for 127.0.0.1 at 2014-07-01 18:56:47 -0400


Started GET "/assets/jquery_ujs.js?body=1" for 127.0.0.1 at 2014-07-01 18:56:47 -0400


Started GET "/assets/turbolinks.js?body=1" for 127.0.0.1 at 2014-07-01 18:56:47 -0400


Started GET "/assets/application.js?body=1" for 127.0.0.1 at 2014-07-01 18:56:47 -0400


Started GET "/" for 127.0.0.1 at 2014-07-01 18:57:43 -0400
Processing by UsersController#index as HTML
  Rendered users/index.html.erb within layouts/application (1.0ms)
Completed 200 OK in 86ms (Views: 18.0ms | ActiveRecord: 0.0ms)


Started GET "/assets/jquery.js?body=1" for 127.0.0.1 at 2014-07-01 18:57:43 -0400
